2024-07-31 14:40:55 [46mplatform[0m > Docker volume job log path: /tmp/workspace/11/0/logs.log
2024-07-31 14:40:55 [46mplatform[0m > Executing worker wrapper. Airbyte version: 0.63.11
2024-07-31 14:40:55 [46mplatform[0m > Using default value for environment variable SIDECAR_KUBE_CPU_LIMIT: '2.0'
2024-07-31 14:40:55 [46mplatform[0m > Using default value for environment variable SOCAT_KUBE_CPU_LIMIT: '2.0'
2024-07-31 14:40:55 [46mplatform[0m > Using default value for environment variable SIDECAR_KUBE_CPU_REQUEST: '0.1'
2024-07-31 14:40:55 [46mplatform[0m > Using default value for environment variable SOCAT_KUBE_CPU_REQUEST: '0.1'
2024-07-31 14:40:55 [46mplatform[0m > 
2024-07-31 14:40:55 [46mplatform[0m > ----- START CHECK -----
2024-07-31 14:40:55 [46mplatform[0m > 
2024-07-31 14:40:55 [46mplatform[0m > Checking if airbyte/source-mssql:4.1.3 exists...
2024-07-31 14:40:55 [46mplatform[0m > airbyte/source-mssql:4.1.3 was found locally.
2024-07-31 14:40:55 [46mplatform[0m > Creating docker container = source-mssql-check-11-0-yawjz with resources io.airbyte.config.ResourceRequirements@233ff1b4[cpuRequest=,cpuLimit=,memoryRequest=,memoryLimit=,additionalProperties={}] and allowedHosts io.airbyte.config.AllowedHosts@38de562a[hosts=[10.10.2.133, *.datadoghq.com, *.datadoghq.eu, *.sentry.io],additionalProperties={}]
2024-07-31 14:40:55 [46mplatform[0m > Preparing command: docker run --rm --init -i -w /data/11/0 --log-driver none --name source-mssql-check-11-0-yawjz --network host -v airbyte_workspace:/data -v oss_local_root:/local -e DEPLOYMENT_MODE=OSS -e WORKER_CONNECTOR_IMAGE=airbyte/source-mssql:4.1.3 -e AUTO_DETECT_SCHEMA=true -e LAUNCHDARKLY_KEY= -e SOCAT_KUBE_CPU_REQUEST=0.1 -e SOCAT_KUBE_CPU_LIMIT=2.0 -e FIELD_SELECTION_WORKSPACES= -e USE_STREAM_CAPABLE_STATE=true -e AIRBYTE_ROLE=dev -e WORKER_ENVIRONMENT=DOCKER -e APPLY_FIELD_SELECTION=false -e WORKER_JOB_ATTEMPT=0 -e OTEL_COLLECTOR_ENDPOINT=http://host.docker.internal:4317 -e FEATURE_FLAG_CLIENT=config -e AIRBYTE_VERSION=0.63.11 -e WORKER_JOB_ID=11 airbyte/source-mssql:4.1.3 check --config source_config.json
2024-07-31 14:40:55 [46mplatform[0m > Reading messages from protocol version 0.2.0
2024-07-31 14:40:56 [46mplatform[0m > INFO main i.a.i.s.m.MssqlSource(main):582 starting source: class io.airbyte.integrations.source.mssql.MssqlSource
2024-07-31 14:40:56 [46mplatform[0m > INFO main i.a.c.i.b.IntegrationCliParser$Companion(parseOptions):144 integration args: {check=null, config=source_config.json}
2024-07-31 14:40:56 [46mplatform[0m > INFO main i.a.c.i.b.IntegrationRunner(runInternal):130 Running integration: io.airbyte.cdk.integrations.base.ssh.SshWrappedSource
2024-07-31 14:40:56 [46mplatform[0m > INFO main i.a.c.i.b.IntegrationRunner(runInternal):131 Command: CHECK
2024-07-31 14:40:56 [46mplatform[0m > INFO main i.a.c.i.b.IntegrationRunner(runInternal):132 Integration config: IntegrationConfig{command=CHECK, configPath='source_config.json', catalogPath='null', statePath='null'}
2024-07-31 14:40:56 [46mplatform[0m > WARN main c.n.s.JsonMetaSchema(newValidator):278 Unknown keyword order - you should define your own Meta Schema. If the keyword is irrelevant for validation, just use a NonValidationKeyword
2024-07-31 14:40:56 [46mplatform[0m > WARN main c.n.s.JsonMetaSchema(newValidator):278 Unknown keyword airbyte_secret - you should define your own Meta Schema. If the keyword is irrelevant for validation, just use a NonValidationKeyword
2024-07-31 14:40:56 [46mplatform[0m > WARN main c.n.s.JsonMetaSchema(newValidator):278 Unknown keyword display_type - you should define your own Meta Schema. If the keyword is irrelevant for validation, just use a NonValidationKeyword
2024-07-31 14:40:56 [46mplatform[0m > INFO main i.a.c.i.b.s.SshTunnel$Companion(getInstance):423 Starting connection with method: NO_TUNNEL
2024-07-31 14:40:56 [46mplatform[0m > INFO main c.z.h.HikariDataSource(<init>):79 HikariPool-1 - Starting...
2024-07-31 14:40:56 [46mplatform[0m > INFO main c.z.h.HikariDataSource(<init>):81 HikariPool-1 - Start completed.
2024-07-31 14:40:57 [46mplatform[0m > INFO main i.a.c.i.s.j.AbstractJdbcSource(getCheckOperations$lambda$6):343 Attempting to get metadata from the database to see if we can connect.
2024-07-31 14:40:57 [46mplatform[0m > INFO main c.z.h.HikariDataSource(close):349 HikariPool-1 - Shutdown initiated...
2024-07-31 14:40:57 [46mplatform[0m > INFO main c.z.h.HikariDataSource(close):351 HikariPool-1 - Shutdown completed.
2024-07-31 14:40:57 [46mplatform[0m > INFO main i.a.c.i.b.IntegrationRunner(runInternal):224 Completed integration: io.airbyte.cdk.integrations.base.ssh.SshWrappedSource
2024-07-31 14:40:57 [46mplatform[0m > INFO main i.a.i.s.m.MssqlSource(main):584 completed source: class io.airbyte.integrations.source.mssql.MssqlSource
2024-07-31 14:40:57 [46mplatform[0m > Check connection job received output: io.airbyte.config.StandardCheckConnectionOutput@7b7750d6[status=succeeded,message=<null>,additionalProperties={}]
2024-07-31 14:40:57 [46mplatform[0m > 
2024-07-31 14:40:57 [46mplatform[0m > ----- END CHECK -----
2024-07-31 14:40:57 [46mplatform[0m > 
2024-07-31 14:40:57 [46mplatform[0m > Docker volume job log path: /tmp/workspace/11/0/logs.log
2024-07-31 14:40:57 [46mplatform[0m > Executing worker wrapper. Airbyte version: 0.63.11
2024-07-31 14:40:57 [46mplatform[0m > Using default value for environment variable SIDECAR_KUBE_CPU_LIMIT: '2.0'
2024-07-31 14:40:57 [46mplatform[0m > 
2024-07-31 14:40:57 [46mplatform[0m > ----- START CHECK -----
2024-07-31 14:40:57 [46mplatform[0m > 
2024-07-31 14:40:57 [46mplatform[0m > Using default value for environment variable SOCAT_KUBE_CPU_LIMIT: '2.0'
2024-07-31 14:40:57 [46mplatform[0m > Using default value for environment variable SIDECAR_KUBE_CPU_REQUEST: '0.1'
2024-07-31 14:40:57 [46mplatform[0m > Using default value for environment variable SOCAT_KUBE_CPU_REQUEST: '0.1'
2024-07-31 14:40:57 [46mplatform[0m > Checking if airbyte/destination-mssql:1.0.0 exists...
2024-07-31 14:40:57 [46mplatform[0m > airbyte/destination-mssql:1.0.0 was found locally.
2024-07-31 14:40:57 [46mplatform[0m > Creating docker container = destination-mssql-check-11-0-mkiss with resources io.airbyte.config.ResourceRequirements@4cd0c8d4[cpuRequest=,cpuLimit=,memoryRequest=,memoryLimit=,additionalProperties={}] and allowedHosts null
2024-07-31 14:40:57 [46mplatform[0m > Preparing command: docker run --rm --init -i -w /data/11/0 --log-driver none --name destination-mssql-check-11-0-mkiss --network host -v airbyte_workspace:/data -v oss_local_root:/local -e DEPLOYMENT_MODE=OSS -e WORKER_CONNECTOR_IMAGE=airbyte/destination-mssql:1.0.0 -e AUTO_DETECT_SCHEMA=true -e LAUNCHDARKLY_KEY= -e SOCAT_KUBE_CPU_REQUEST=0.1 -e SOCAT_KUBE_CPU_LIMIT=2.0 -e FIELD_SELECTION_WORKSPACES= -e USE_STREAM_CAPABLE_STATE=true -e AIRBYTE_ROLE=dev -e WORKER_ENVIRONMENT=DOCKER -e APPLY_FIELD_SELECTION=false -e WORKER_JOB_ATTEMPT=0 -e OTEL_COLLECTOR_ENDPOINT=http://host.docker.internal:4317 -e FEATURE_FLAG_CLIENT=config -e AIRBYTE_VERSION=0.63.11 -e WORKER_JOB_ID=11 airbyte/destination-mssql:1.0.0 check --config source_config.json
2024-07-31 14:40:57 [46mplatform[0m > Reading messages from protocol version 0.2.0
2024-07-31 14:40:59 [46mplatform[0m > INFO main i.a.i.d.m.MSSQLDestination(main):132 starting destination: class io.airbyte.integrations.destination.mssql.MSSQLDestination
2024-07-31 14:40:59 [46mplatform[0m > INFO main i.a.c.i.b.IntegrationCliParser$Companion(parseOptions):146 integration args: {check=null, config=source_config.json}
2024-07-31 14:40:59 [46mplatform[0m > INFO main i.a.c.i.b.IntegrationRunner(runInternal):123 Running integration: io.airbyte.cdk.integrations.base.ssh.SshWrappedDestination
2024-07-31 14:40:59 [46mplatform[0m > INFO main i.a.c.i.b.IntegrationRunner(runInternal):124 Command: CHECK
2024-07-31 14:40:59 [46mplatform[0m > INFO main i.a.c.i.b.IntegrationRunner(runInternal):125 Integration config: IntegrationConfig{command=CHECK, configPath='source_config.json', catalogPath='null', statePath='null'}
2024-07-31 14:40:59 [46mplatform[0m > WARN main c.n.s.JsonMetaSchema(newValidator):278 Unknown keyword order - you should define your own Meta Schema. If the keyword is irrelevant for validation, just use a NonValidationKeyword
2024-07-31 14:40:59 [46mplatform[0m > WARN main c.n.s.JsonMetaSchema(newValidator):278 Unknown keyword airbyte_secret - you should define your own Meta Schema. If the keyword is irrelevant for validation, just use a NonValidationKeyword
2024-07-31 14:40:59 [46mplatform[0m > INFO main i.a.c.i.b.s.SshTunnel$Companion(getInstance):433 Starting connection with method: NO_TUNNEL
2024-07-31 14:40:59 [46mplatform[0m > INFO main c.z.h.HikariDataSource(<init>):79 HikariPool-1 - Starting...
2024-07-31 14:40:59 [46mplatform[0m > INFO main c.z.h.HikariDataSource(<init>):81 HikariPool-1 - Start completed.
2024-07-31 14:41:00 [46mplatform[0m > INFO main c.z.h.HikariDataSource(close):349 HikariPool-1 - Shutdown initiated...
2024-07-31 14:41:00 [46mplatform[0m > INFO main c.z.h.HikariDataSource(close):351 HikariPool-1 - Shutdown completed.
2024-07-31 14:41:00 [46mplatform[0m > INFO main i.a.c.i.b.IntegrationRunner(runInternal):252 Completed integration: io.airbyte.cdk.integrations.base.ssh.SshWrappedDestination
2024-07-31 14:41:00 [46mplatform[0m > INFO main i.a.i.d.m.MSSQLDestination(main):134 completed destination: class io.airbyte.integrations.destination.mssql.MSSQLDestination
2024-07-31 14:41:00 [46mplatform[0m > Check connection job received output: io.airbyte.config.StandardCheckConnectionOutput@f16be0a[status=succeeded,message=<null>,additionalProperties={}]
2024-07-31 14:41:00 [46mplatform[0m > 
2024-07-31 14:41:00 [46mplatform[0m > ----- END CHECK -----
2024-07-31 14:41:00 [46mplatform[0m > 
